<?xml version="1.0" encoding="UTF-8"?>
<!-- Generated by org.testng.reporters.JUnitReportReporter -->
<testsuite skipped="0" hostname="T-C-SaiPrem" name="com.firsttestng.TestNg" tests="1" failures="0" timestamp="04 May 2018 10:44:06 GMT" time="7.019" errors="0">
  <testcase name="testAdd" time="7.019" classname="com.firsttestng.TestNg"/>
</testsuite> <!-- com.firsttestng.TestNg -->
