<?xml version="1.0" encoding="UTF-8"?>
<!-- Generated by org.testng.reporters.JUnitReportReporter -->
<testsuite hostname="T-C-SaiPrem" name="thrymr.e2log_testcases.RFQDraftsaving" tests="1" failures="0" timestamp="28 May 2018 12:39:01 GMT" time="45.334" errors="0">
  <testcase name="testUntitled" time="45.334" classname="thrymr.e2log_testcases.RFQDraftsaving"/>
</testsuite> <!-- thrymr.e2log_testcases.RFQDraftsaving -->
