<?xml version="1.0" encoding="UTF-8"?>
<!-- Generated by org.testng.reporters.JUnitReportReporter -->
<testsuite hostname="T-C-SaiPrem" name="thrymr.e2log_testcases.LspLogin" tests="1" failures="0" timestamp="24 May 2018 05:57:27 GMT" time="13.482" errors="0">
  <testcase name="testLspLogin" time="13.482" classname="thrymr.e2log_testcases.LspLogin"/>
</testsuite> <!-- thrymr.e2log_testcases.LspLogin -->
