<?xml version="1.0" encoding="UTF-8"?>
<!-- Generated by org.testng.reporters.JUnitReportReporter -->
<testsuite hostname="T-C-SaiPrem" name="thrymr.e2log_testcases.CustomerLogin" tests="1" failures="0" timestamp="24 May 2018 05:52:58 GMT" time="13.583" errors="0">
  <testcase name="testCustomerLogin" time="13.583" classname="thrymr.e2log_testcases.CustomerLogin"/>
</testsuite> <!-- thrymr.e2log_testcases.CustomerLogin -->
