<?xml version="1.0" encoding="UTF-8"?>
<!-- Generated by org.testng.reporters.JUnitReportReporter -->
<testsuite hostname="T-C-SaiPrem" name="thrymr.e2log_testcases.CtLogin" tests="1" failures="0" timestamp="24 May 2018 05:59:08 GMT" time="13.597" errors="0">
  <testcase name="testCtLogin" time="13.597" classname="thrymr.e2log_testcases.CtLogin"/>
</testsuite> <!-- thrymr.e2log_testcases.CtLogin -->
