<?xml version="1.0" encoding="UTF-8"?>
<!-- Generated by org.testng.reporters.JUnitReportReporter -->
<testsuite hostname="T-C-SaiPrem" name="thrymr.e2log_testcases.CreateRfq" tests="1" failures="0" timestamp="24 May 2018 06:55:08 GMT" time="32.204" errors="0">
  <testcase name="testCreateRfq" time="32.204" classname="thrymr.e2log_testcases.CreateRfq"/>
</testsuite> <!-- thrymr.e2log_testcases.CreateRfq -->
